G:\PROGRAMS\C++\HAPPYBIRD2\HAPPYBIRD\HAPPYBIRD\DEBUG\BIRD.OBJ
G:\PROGRAMS\C++\HAPPYBIRD2\HAPPYBIRD\HAPPYBIRD\DEBUG\HAPPYBIRD.OBJ
G:\PROGRAMS\C++\HAPPYBIRD2\HAPPYBIRD\HAPPYBIRD\DEBUG\HAPPYBIRDTEST.OBJ
G:\PROGRAMS\C++\HAPPYBIRD2\HAPPYBIRD\HAPPYBIRD\DEBUG\OBSTACLE.OBJ
G:\PROGRAMS\C++\HAPPYBIRD2\HAPPYBIRD\HAPPYBIRD\DEBUG\VC110.PDB
G:\PROGRAMS\C++\HAPPYBIRD2\HAPPYBIRD\DEBUG\HAPPYBIRD.ILK
G:\PROGRAMS\C++\HAPPYBIRD2\HAPPYBIRD\DEBUG\HAPPYBIRD.EXE
G:\PROGRAMS\C++\HAPPYBIRD2\HAPPYBIRD\DEBUG\HAPPYBIRD.PDB
G:\Programs\C++\HappyBird2\HappyBird\HappyBird\Debug\Bird.obj
G:\Programs\C++\HappyBird2\HappyBird\HappyBird\Debug\HappyBird.obj
G:\Programs\C++\HappyBird2\HappyBird\HappyBird\Debug\HappyBirdTest.obj
G:\Programs\C++\HappyBird2\HappyBird\HappyBird\Debug\Obstacle.obj
G:\Programs\C++\HappyBird2\HappyBird\HappyBird\Debug\cl.command.1.tlog
G:\Programs\C++\HappyBird2\HappyBird\HappyBird\Debug\CL.read.1.tlog
G:\Programs\C++\HappyBird2\HappyBird\HappyBird\Debug\CL.write.1.tlog
G:\Programs\C++\HappyBird2\HappyBird\HappyBird\Debug\link-cvtres.read.1.tlog
G:\Programs\C++\HappyBird2\HappyBird\HappyBird\Debug\link-cvtres.write.1.tlog
G:\Programs\C++\HappyBird2\HappyBird\HappyBird\Debug\link-rc.read.1.tlog
G:\Programs\C++\HappyBird2\HappyBird\HappyBird\Debug\link-rc.write.1.tlog
G:\Programs\C++\HappyBird2\HappyBird\HappyBird\Debug\link.command.1.tlog
G:\Programs\C++\HappyBird2\HappyBird\HappyBird\Debug\link.read.1.tlog
G:\Programs\C++\HappyBird2\HappyBird\HappyBird\Debug\link.write.1.tlog
G:\Programs\C++\HappyBird2\HappyBird\HappyBird\Debug\vc110.idb
G:\Programs\C++\HappyBird2\HappyBird\HappyBird\Debug\vc110.pdb
G:\Programs\C++\HappyBird2\HappyBird\Debug\HappyBird.pdb
G:\Programs\C++\HappyBird2\HappyBird\Debug\HappyBird.exe
G:\Programs\C++\HappyBird2\HappyBird\Debug\HappyBird.ilk
