Build started 12/23/2014 10:16:14 PM.
     1>Project "G:\Programs\C++\HappyBird2\HappyBird\HappyBird\HappyBird.vcxproj" on node 2 (Rebuild target(s)).
     1>ClCompile:
         C:\Program Files (x86)\Microsoft Visual Studio 11.0\VC\bin\CL.exe /c /I"E:\EverythingElse\Programs\C++\SFML-2.1\include" /ZI /nologo /W3 /WX- /sdl /Od /Oy- /D SFML_DYNAMIC /D WIN32 /D _DEBUG /D _CONSOLE /D _UNICODE /D UNICODE /Gm /EHsc /RTC1 /MDd /GS /fp:precise /Zc:wchar_t /Zc:forScope /Fo"Debug\\" /Fd"Debug\vc110.pdb" /Gd /TP /analyze- /errorReport:prompt Bird.cpp HappyBird.cpp HappyBirdTest.cpp Obstacle.cpp
         Obstacle.cpp
     1>g:\programs\c++\happybird2\happybird\happybird\obstacle.cpp(21): warning C4244: 'argument' : conversion from 'time_t' to 'unsigned int', possible loss of data
         HappyBirdTest.cpp
         HappyBird.cpp
     1>g:\programs\c++\happybird2\happybird\happybird\happybird.cpp(184): warning C4244: 'argument' : conversion from 'float' to 'unsigned int', possible loss of data
     1>g:\programs\c++\happybird2\happybird\happybird\happybird.cpp(340): warning C4244: '=' : conversion from 'double' to 'float', possible loss of data
         Bird.cpp
     1>g:\programs\c++\happybird2\happybird\happybird\bird.cpp(7): warning C4067: unexpected tokens following preprocessor directive - expected a newline
     1>g:\programs\c++\happybird2\happybird\happybird\bird.cpp(159): warning C4244: 'argument' : conversion from 'float' to 'sf::Int32', possible loss of data
     1>g:\programs\c++\happybird2\happybird\happybird\bird.cpp(166): warning C4244: 'argument' : conversion from 'float' to 'sf::Int32', possible loss of data
     1>g:\programs\c++\happybird2\happybird\happybird\bird.cpp(173): warning C4244: 'argument' : conversion from 'float' to 'sf::Int32', possible loss of data
     1>g:\programs\c++\happybird2\happybird\happybird\bird.cpp(180): warning C4244: 'argument' : conversion from 'float' to 'sf::Int32', possible loss of data
     1>g:\programs\c++\happybird2\happybird\happybird\bird.cpp(187): warning C4244: 'argument' : conversion from 'float' to 'sf::Int32', possible loss of data
     1>g:\programs\c++\happybird2\happybird\happybird\bird.cpp(194): warning C4244: 'argument' : conversion from 'float' to 'sf::Int32', possible loss of data
     1>g:\programs\c++\happybird2\happybird\happybird\bird.cpp(201): warning C4244: 'argument' : conversion from 'float' to 'sf::Int32', possible loss of data
         Generating Code...
       Link:
         C:\Program Files (x86)\Microsoft Visual Studio 11.0\VC\bin\link.exe /ERRORREPORT:PROMPT /OUT:"G:\Programs\C++\HappyBird2\HappyBird\Debug\HappyBird.exe" /INCREMENTAL /NOLOGO /LIBPATH:"E:\EverythingElse\Programs\C++\SFML-2.1\lib" "sfml-audio-d.lib" "sfml-graphics-d.lib" "sfml-window-d.lib" "sfml-system-d.lib" kernel32.lib user32.lib gdi32.lib winspool.lib comdlg32.lib advapi32.lib shell32.lib ole32.lib oleaut32.lib uuid.lib odbc32.lib odbccp32.lib kernel32.lib user32.lib gdi32.lib winspool.lib comdlg32.lib advapi32.lib shell32.lib ole32.lib oleaut32.lib uuid.lib odbc32.lib odbccp32.lib /MANIFEST /MANIFESTUAC:"level='asInvoker' uiAccess='false'" /manifest:embed /DEBUG /PDB:"G:\Programs\C++\HappyBird2\HappyBird\Debug\HappyBird.pdb" /SUBSYSTEM:CONSOLE /TLBID:1 /DYNAMICBASE /NXCOMPAT /IMPLIB:"G:\Programs\C++\HappyBird2\HappyBird\Debug\HappyBird.lib" /MACHINE:X86 Debug\Bird.obj
         Debug\HappyBird.obj
         Debug\HappyBirdTest.obj
         Debug\Obstacle.obj
         HappyBird.vcxproj -> G:\Programs\C++\HappyBird2\HappyBird\Debug\HappyBird.exe
     1>Done Building Project "G:\Programs\C++\HappyBird2\HappyBird\HappyBird\HappyBird.vcxproj" (Rebuild target(s)).

Build succeeded.

Time Elapsed 00:00:03.57
